# JRE version: OpenJDK Runtime Environment Temurin-17.0.10+7 (17.0.10+7) (build 17.0.10+7)
# Java VM: OpenJDK 64-Bit Server VM Temurin-17.0.10+7 (17.0.10+7, mixed mode, tiered, compressed oops, compressed class ptrs, parallel gc, windows-amd64)
GC Precious Log:
 CPUs: 12 total, 12 available
 Memory: 7521M
 Large Page Support: Disabled
 NUMA Support: Disabled
 Compressed Oops: Enabled (32-bit)
 Alignments: Space 512K, Generation 512K, Heap 2M
 Heap Min Capacity: 100M
 Heap Initial Capacity: 100M
 Heap Max Capacity: 1G
 Pre-touch: Disabled
 Parallel Workers: 10
Heap:
 PSYoungGen      total 14848K, used 14821K [0x00000000eab00000, 0x00000000ebb80000, 0x0000000100000000)
  eden space 13824K, 100% used [0x00000000eab00000,0x00000000eb880000,0x00000000eb880000)
  from space 1024K, 97% used [0x00000000eba80000,0x00000000ebb79550,0x00000000ebb80000)
  to   space 1536K, 0% used [0x00000000eb880000,0x00000000eb880000,0x00000000eba00000)
 ParOldGen       total 68608K, used 47564K [0x00000000c0000000, 0x00000000c4300000, 0x00000000eab00000)
  object space 68608K, 69% used [0x00000000c0000000,0x00000000c2e73228,0x00000000c4300000)
 Metaspace       used 64341K, committed 65472K, reserved 1114112K
  class space    used 7828K, committed 8384K, reserved 1048576K
GC Heap History (20 events):
Event: 5.733 GC heap before
{Heap before GC invocations=42 (full 3):
 PSYoungGen      total 14336K, used 14048K [0x00000000eab00000, 0x00000000ebd00000, 0x0000000100000000)
  eden space 13824K, 100% used [0x00000000eab00000,0x00000000eb880000,0x00000000eb880000)
  from space 512K, 43% used [0x00000000ebc80000,0x00000000ebcb8000,0x00000000ebd00000)
  to   space 1024K, 0% used [0x00000000ebb00000,0x00000000ebb00000,0x00000000ebc00000)
 ParOldGen       total 68608K, used 45197K [0x00000000c0000000, 0x00000000c4300000, 0x00000000eab00000)
  object space 68608K, 65% used [0x00000000c0000000,0x00000000c2c234e8,0x00000000c4300000)
 Metaspace       used 64011K, committed 65216K, reserved 1114112K
  class space    used 7770K, committed 8320K, reserved 1048576K
}
Event: 5.734 GC heap after
{Heap after GC invocations=42 (full 3):
 PSYoungGen      total 14848K, used 1006K [0x00000000eab00000, 0x00000000ebd00000, 0x0000000100000000)
  eden space 13824K, 0% used [0x00000000eab00000,0x00000000eab00000,0x00000000eb880000)
  from space 1024K, 98% used [0x00000000ebb00000,0x00000000ebbfb858,0x00000000ebc00000)
  to   space 1024K, 0% used [0x00000000ebc00000,0x00000000ebc00000,0x00000000ebd00000)
 ParOldGen       total 68608K, used 45287K [0x00000000c0000000, 0x00000000c4300000, 0x00000000eab00000)
  object space 68608K, 66% used [0x00000000c0000000,0x00000000c2c39d60,0x00000000c4300000)
 Metaspace       used 64011K, committed 65216K, reserved 1114112K
  class space    used 7770K, committed 8320K, reserved 1048576K
}
Event: 5.773 GC heap before
{Heap before GC invocations=43 (full 3):
 PSYoungGen      total 14848K, used 14830K [0x00000000eab00000, 0x00000000ebd00000, 0x0000000100000000)
  eden space 13824K, 100% used [0x00000000eab00000,0x00000000eb880000,0x00000000eb880000)
  from space 1024K, 98% used [0x00000000ebb00000,0x00000000ebbfb858,0x00000000ebc00000)
  to   space 1024K, 0% used [0x00000000ebc00000,0x00000000ebc00000,0x00000000ebd00000)
 ParOldGen       total 68608K, used 45287K [0x00000000c0000000, 0x00000000c4300000, 0x00000000eab00000)
  object space 68608K, 66% used [0x00000000c0000000,0x00000000c2c39d60,0x00000000c4300000)
 Metaspace       used 64012K, committed 65216K, reserved 1114112K
  class space    used 7770K, committed 8320K, reserved 1048576K
}
Event: 5.774 GC heap after
{Heap after GC invocations=43 (full 3):
 PSYoungGen      total 14336K, used 256K [0x00000000eab00000, 0x00000000ebc80000, 0x0000000100000000)
  eden space 13824K, 0% used [0x00000000eab00000,0x00000000eab00000,0x00000000eb880000)
  from space 512K, 50% used [0x00000000ebc00000,0x00000000ebc40000,0x00000000ebc80000)
  to   space 1024K, 0% used [0x00000000eba80000,0x00000000eba80000,0x00000000ebb80000)
 ParOldGen       total 68608K, used 45343K [0x00000000c0000000, 0x00000000c4300000, 0x00000000eab00000)
  object space 68608K, 66% used [0x00000000c0000000,0x00000000c2c47d60,0x00000000c4300000)
 Metaspace       used 64012K, committed 65216K, reserved 1114112K
  class space    used 7770K, committed 8320K, reserved 1048576K
}
Event: 5.812 GC heap before
{Heap before GC invocations=44 (full 3):
 PSYoungGen      total 14336K, used 14080K [0x00000000eab00000, 0x00000000ebc80000, 0x0000000100000000)
  eden space 13824K, 100% used [0x00000000eab00000,0x00000000eb880000,0x00000000eb880000)
  from space 512K, 50% used [0x00000000ebc00000,0x00000000ebc40000,0x00000000ebc80000)
  to   space 1024K, 0% used [0x00000000eba80000,0x00000000eba80000,0x00000000ebb80000)
 ParOldGen       total 68608K, used 45343K [0x00000000c0000000, 0x00000000c4300000, 0x00000000eab00000)
  object space 68608K, 66% used [0x00000000c0000000,0x00000000c2c47d60,0x00000000c4300000)
 Metaspace       used 64012K, committed 65216K, reserved 1114112K
  class space    used 7770K, committed 8320K, reserved 1048576K
}
Event: 5.813 GC heap after
{Heap after GC invocations=44 (full 3):
 PSYoungGen      total 14848K, used 974K [0x00000000eab00000, 0x00000000ebc80000, 0x0000000100000000)
  eden space 13824K, 0% used [0x00000000eab00000,0x00000000eab00000,0x00000000eb880000)
  from space 1024K, 95% used [0x00000000eba80000,0x00000000ebb73808,0x00000000ebb80000)
  to   space 1024K, 0% used [0x00000000ebb80000,0x00000000ebb80000,0x00000000ebc80000)
 ParOldGen       total 68608K, used 45451K [0x00000000c0000000, 0x00000000c4300000, 0x00000000eab00000)
  object space 68608K, 66% used [0x00000000c0000000,0x00000000c2c62e30,0x00000000c4300000)
 Metaspace       used 64012K, committed 65216K, reserved 1114112K
  class space    used 7770K, committed 8320K, reserved 1048576K
}
Event: 5.865 GC heap before
{Heap before GC invocations=45 (full 3):
 PSYoungGen      total 14848K, used 14798K [0x00000000eab00000, 0x00000000ebc80000, 0x0000000100000000)
  eden space 13824K, 100% used [0x00000000eab00000,0x00000000eb880000,0x00000000eb880000)
  from space 1024K, 95% used [0x00000000eba80000,0x00000000ebb73808,0x00000000ebb80000)
  to   space 1024K, 0% used [0x00000000ebb80000,0x00000000ebb80000,0x00000000ebc80000)
 ParOldGen       total 68608K, used 45451K [0x00000000c0000000, 0x00000000c4300000, 0x00000000eab00000)
  object space 68608K, 66% used [0x00000000c0000000,0x00000000c2c62e30,0x00000000c4300000)
 Metaspace       used 64012K, committed 65216K, reserved 1114112K
  class space    used 7770K, committed 8320K, reserved 1048576K
}
Event: 5.865 GC heap after
{Heap after GC invocations=45 (full 3):
 PSYoungGen      total 14336K, used 497K [0x00000000eab00000, 0x00000000ebc00000, 0x0000000100000000)
  eden space 13824K, 0% used [0x00000000eab00000,0x00000000eab00000,0x00000000eb880000)
  from space 512K, 97% used [0x00000000ebb80000,0x00000000ebbfc450,0x00000000ebc00000)
  to   space 1024K, 0% used [0x00000000eba00000,0x00000000eba00000,0x00000000ebb00000)
 ParOldGen       total 68608K, used 45515K [0x00000000c0000000, 0x00000000c4300000, 0x00000000eab00000)
  object space 68608K, 66% used [0x00000000c0000000,0x00000000c2c72e30,0x00000000c4300000)
 Metaspace       used 64012K, committed 65216K, reserved 1114112K
  class space    used 7770K, committed 8320K, reserved 1048576K
}
Event: 5.905 GC heap before
{Heap before GC invocations=46 (full 3):
 PSYoungGen      total 14336K, used 14321K [0x00000000eab00000, 0x00000000ebc00000, 0x0000000100000000)
  eden space 13824K, 100% used [0x00000000eab00000,0x00000000eb880000,0x00000000eb880000)
  from space 512K, 97% used [0x00000000ebb80000,0x00000000ebbfc450,0x00000000ebc00000)
  to   space 1024K, 0% used [0x00000000eba00000,0x00000000eba00000,0x00000000ebb00000)
 ParOldGen       total 68608K, used 45515K [0x00000000c0000000, 0x00000000c4300000, 0x00000000eab00000)
  object space 68608K, 66% used [0x00000000c0000000,0x00000000c2c72e30,0x00000000c4300000)
 Metaspace       used 64012K, committed 65216K, reserved 1114112K
  class space    used 7770K, committed 8320K, reserved 1048576K
}
Event: 5.905 GC heap after
{Heap after GC invocations=46 (full 3):
 PSYoungGen      total 14848K, used 529K [0x00000000eab00000, 0x00000000ebc00000, 0x0000000100000000)
  eden space 13824K, 0% used [0x00000000eab00000,0x00000000eab00000,0x00000000eb880000)
  from space 1024K, 51% used [0x00000000eba00000,0x00000000eba84470,0x00000000ebb00000)
  to   space 1024K, 0% used [0x00000000ebb00000,0x00000000ebb00000,0x00000000ebc00000)
 ParOldGen       total 68608K, used 45959K [0x00000000c0000000, 0x00000000c4300000, 0x00000000eab00000)
  object space 68608K, 66% used [0x00000000c0000000,0x00000000c2ce1ec8,0x00000000c4300000)
 Metaspace       used 64012K, committed 65216K, reserved 1114112K
  class space    used 7770K, committed 8320K, reserved 1048576K
}
Event: 5.954 GC heap before
{Heap before GC invocations=47 (full 3):
 PSYoungGen      total 14848K, used 14353K [0x00000000eab00000, 0x00000000ebc00000, 0x0000000100000000)
  eden space 13824K, 100% used [0x00000000eab00000,0x00000000eb880000,0x00000000eb880000)
  from space 1024K, 51% used [0x00000000eba00000,0x00000000eba84470,0x00000000ebb00000)
  to   space 1024K, 0% used [0x00000000ebb00000,0x00000000ebb00000,0x00000000ebc00000)
 ParOldGen       total 68608K, used 45959K [0x00000000c0000000, 0x00000000c4300000, 0x00000000eab00000)
  object space 68608K, 66% used [0x00000000c0000000,0x00000000c2ce1ec8,0x00000000c4300000)
 Metaspace       used 64013K, committed 65216K, reserved 1114112K
  class space    used 7770K, committed 8320K, reserved 1048576K
}
Event: 5.955 GC heap after
{Heap after GC invocations=47 (full 3):
 PSYoungGen      total 14848K, used 669K [0x00000000eab00000, 0x00000000ebc00000, 0x0000000100000000)
  eden space 13824K, 0% used [0x00000000eab00000,0x00000000eab00000,0x00000000eb880000)
  from space 1024K, 65% used [0x00000000ebb00000,0x00000000ebba7460,0x00000000ebc00000)
  to   space 1024K, 0% used [0x00000000eba00000,0x00000000eba00000,0x00000000ebb00000)
 ParOldGen       total 68608K, used 46022K [0x00000000c0000000, 0x00000000c4300000, 0x00000000eab00000)
  object space 68608K, 67% used [0x00000000c0000000,0x00000000c2cf1898,0x00000000c4300000)
 Metaspace       used 64013K, committed 65216K, reserved 1114112K
  class space    used 7770K, committed 8320K, reserved 1048576K
}
Event: 6.003 GC heap before
{Heap before GC invocations=48 (full 3):
 PSYoungGen      total 14848K, used 14493K [0x00000000eab00000, 0x00000000ebc00000, 0x0000000100000000)
  eden space 13824K, 100% used [0x00000000eab00000,0x00000000eb880000,0x00000000eb880000)
  from space 1024K, 65% used [0x00000000ebb00000,0x00000000ebba7460,0x00000000ebc00000)
  to   space 1024K, 0% used [0x00000000eba00000,0x00000000eba00000,0x00000000ebb00000)
 ParOldGen       total 68608K, used 46022K [0x00000000c0000000, 0x00000000c4300000, 0x00000000eab00000)
  object space 68608K, 67% used [0x00000000c0000000,0x00000000c2cf1898,0x00000000c4300000)
 Metaspace       used 64013K, committed 65216K, reserved 1114112K
  class space    used 7770K, committed 8320K, reserved 1048576K
}
Event: 6.004 GC heap after
{Heap after GC invocations=48 (full 3):
 PSYoungGen      total 14848K, used 288K [0x00000000eab00000, 0x00000000ebb80000, 0x0000000100000000)
  eden space 13824K, 0% used [0x00000000eab00000,0x00000000eab00000,0x00000000eb880000)
  from space 1024K, 28% used [0x00000000eba00000,0x00000000eba48000,0x00000000ebb00000)
  to   space 512K, 0% used [0x00000000ebb00000,0x00000000ebb00000,0x00000000ebb80000)
 ParOldGen       total 68608K, used 46636K [0x00000000c0000000, 0x00000000c4300000, 0x00000000eab00000)
  object space 68608K, 67% used [0x00000000c0000000,0x00000000c2d8b288,0x00000000c4300000)
 Metaspace       used 64013K, committed 65216K, reserved 1114112K
  class space    used 7770K, committed 8320K, reserved 1048576K
}
Event: 6.045 GC heap before
{Heap before GC invocations=49 (full 3):
 PSYoungGen      total 14848K, used 14112K [0x00000000eab00000, 0x00000000ebb80000, 0x0000000100000000)
  eden space 13824K, 100% used [0x00000000eab00000,0x00000000eb880000,0x00000000eb880000)
  from space 1024K, 28% used [0x00000000eba00000,0x00000000eba48000,0x00000000ebb00000)
  to   space 512K, 0% used [0x00000000ebb00000,0x00000000ebb00000,0x00000000ebb80000)
 ParOldGen       total 68608K, used 46636K [0x00000000c0000000, 0x00000000c4300000, 0x00000000eab00000)
  object space 68608K, 67% used [0x00000000c0000000,0x00000000c2d8b288,0x00000000c4300000)
 Metaspace       used 64013K, committed 65216K, reserved 1114112K
  class space    used 7770K, committed 8320K, reserved 1048576K
}
Event: 6.046 GC heap after
{Heap after GC invocations=49 (full 3):
 PSYoungGen      total 14336K, used 495K [0x00000000eab00000, 0x00000000ebb80000, 0x0000000100000000)
  eden space 13824K, 0% used [0x00000000eab00000,0x00000000eab00000,0x00000000eb880000)
  from space 512K, 96% used [0x00000000ebb00000,0x00000000ebb7bfb0,0x00000000ebb80000)
  to   space 1536K, 0% used [0x00000000eb880000,0x00000000eb880000,0x00000000eba00000)
 ParOldGen       total 68608K, used 47347K [0x00000000c0000000, 0x00000000c4300000, 0x00000000eab00000)
  object space 68608K, 69% used [0x00000000c0000000,0x00000000c2e3cff8,0x00000000c4300000)
 Metaspace       used 64013K, committed 65216K, reserved 1114112K
  class space    used 7770K, committed 8320K, reserved 1048576K
}
Event: 6.089 GC heap before
{Heap before GC invocations=50 (full 3):
 PSYoungGen      total 14336K, used 14319K [0x00000000eab00000, 0x00000000ebb80000, 0x0000000100000000)
  eden space 13824K, 100% used [0x00000000eab00000,0x00000000eb880000,0x00000000eb880000)
  from space 512K, 96% used [0x00000000ebb00000,0x00000000ebb7bfb0,0x00000000ebb80000)
  to   space 1536K, 0% used [0x00000000eb880000,0x00000000eb880000,0x00000000eba00000)
 ParOldGen       total 68608K, used 47347K [0x00000000c0000000, 0x00000000c4300000, 0x00000000eab00000)
  object space 68608K, 69% used [0x00000000c0000000,0x00000000c2e3cff8,0x00000000c4300000)
 Metaspace       used 64013K, committed 65216K, reserved 1114112K
  class space    used 7770K, committed 8320K, reserved 1048576K
}
Event: 6.089 GC heap after
{Heap after GC invocations=50 (full 3):
 PSYoungGen      total 15360K, used 320K [0x00000000eab00000, 0x00000000ebb80000, 0x0000000100000000)
  eden space 13824K, 0% used [0x00000000eab00000,0x00000000eab00000,0x00000000eb880000)
  from space 1536K, 20% used [0x00000000eb880000,0x00000000eb8d0000,0x00000000eba00000)
  to   space 1024K, 0% used [0x00000000eba80000,0x00000000eba80000,0x00000000ebb80000)
 ParOldGen       total 68608K, used 47448K [0x00000000c0000000, 0x00000000c4300000, 0x00000000eab00000)
  object space 68608K, 69% used [0x00000000c0000000,0x00000000c2e56158,0x00000000c4300000)
 Metaspace       used 64013K, committed 65216K, reserved 1114112K
  class space    used 7770K, committed 8320K, reserved 1048576K
}
Event: 6.151 GC heap before
{Heap before GC invocations=51 (full 3):
 PSYoungGen      total 15360K, used 14144K [0x00000000eab00000, 0x00000000ebb80000, 0x0000000100000000)
  eden space 13824K, 100% used [0x00000000eab00000,0x00000000eb880000,0x00000000eb880000)
  from space 1536K, 20% used [0x00000000eb880000,0x00000000eb8d0000,0x00000000eba00000)
  to   space 1024K, 0% used [0x00000000eba80000,0x00000000eba80000,0x00000000ebb80000)
 ParOldGen       total 68608K, used 47448K [0x00000000c0000000, 0x00000000c4300000, 0x00000000eab00000)
  object space 68608K, 69% used [0x00000000c0000000,0x00000000c2e56158,0x00000000c4300000)
 Metaspace       used 64014K, committed 65216K, reserved 1114112K
  class space    used 7770K, committed 8320K, reserved 1048576K
}
Event: 6.152 GC heap after
{Heap after GC invocations=51 (full 3):
 PSYoungGen      total 14848K, used 997K [0x00000000eab00000, 0x00000000ebb80000, 0x0000000100000000)
  eden space 13824K, 0% used [0x00000000eab00000,0x00000000eab00000,0x00000000eb880000)
  from space 1024K, 97% used [0x00000000eba80000,0x00000000ebb79550,0x00000000ebb80000)
  to   space 1536K, 0% used [0x00000000eb880000,0x00000000eb880000,0x00000000eba00000)
 ParOldGen       total 68608K, used 47564K [0x00000000c0000000, 0x00000000c4300000, 0x00000000eab00000)
  object space 68608K, 69% used [0x00000000c0000000,0x00000000c2e73228,0x00000000c4300000)
 Metaspace       used 64014K, committed 65216K, reserved 1114112K
  class space    used 7770K, committed 8320K, reserved 1048576K
}

